{"numFailedTestSuites":0,"numFailedTests":0,"numPassedTestSuites":47,"numPassedTests":1359,"numPendingTestSuites":0,"numPendingTests":0,"numRuntimeErrorTestSuites":0,"numTodoTests":0,"numTotalTestSuites":47,"numTotalTests":1359,"openHandles":[],"snapshot":{"added":0,"didUpdate":false,"failure":false,"filesAdded":0,"filesRemoved":0,"filesRemovedList":[],"filesUnmatched":0,"filesUpdated":0,"matched":0,"total":0,"unchecked":0,"uncheckedKeysByFile":[],"unmatched":0,"updated":0},"startTime":1780316833828,"success":true,"testResults":[{"assertionResults":[{"ancestorTitles":["FlowableUtilitiesService","getTaskVariables"],"duration":188,"failureDetails":[],"failureMessages":[],"fullName":"FlowableUtilitiesService getTaskVariables should return empty object when API call fails","invocations":1,"location":null,"numPassingAsserts":2,"retryReasons":[],"status":"passed","title":"should return empty object when API call fails"},{"ancestorTitles":["FlowableUtilitiesService","getTaskVariables"],"duration":5,"failureDetails":[],"failureMessages":[],"fullName":"FlowableUtilitiesService getTaskVariables should return empty object for non-array response","invocations":1,"location":null,"numPassingAsserts":1,"retryReasons":[],"status":"passed","title":"should return empty object for non-array response"},{"ancestorTitles":["FlowableUtilitiesService","getTaskVariables"],"duration":5,"failureDetails":[],"failureMessages":[],"fullName":"FlowableUtilitiesService getTaskVariables should handle empty variables array","invocations":1,"location":null,"numPassingAsserts":1,"retryReasons":[],"status":"passed","title":"should handle empty variables array"},{"ancestorTitles":["FlowableUtilitiesService","getTaskVariables"],"duration":4,"failureDetails":[],"failureMessages":[],"fullName":"FlowableUtilitiesService getTaskVariables should get all variables for a task","invocations":1,"location":null,"numPassingAsserts":2,"retryReasons":[],"status":"passed","title":"should get all variables for a task"},{"ancestorTitles":["FlowableUtilitiesService","getTaskVariables"],"duration":6,"failureDetails":[],"failureMessages":[],"fullName":"FlowableUtilitiesService getTaskVariables should handle variables with complex values","invocations":1,"location":null,"numPassingAsserts":1,"retryReasons":[],"status":"passed","title":"should handle variables with complex values"}],"endTime":1780316888456,"message":"","name":"C:\\Users\\IbadAhmedKhan\\Desktop\\case-management-system\\backend\\test\\flowable-utilities.service.spec.ts","startTime":1780316839058,"status":"passed","summary":""},{"assertionResults":[{"ancestorTitles":["CaseReopeningService","reopenCase"],"duration":75,"failureDetails":[],"failureMessages":[],"fullName":"CaseReopeningService reopenCase should successfully reopen case as supervisor","invocations":1,"location":null,"numPassingAsserts":6,"retryReasons":[],"status":"passed","title":"should successfully reopen case as supervisor"},{"ancestorTitles":["CaseReopeningService","reopenCase"],"duration":8,"failureDetails":[],"failureMessages":[],"fullName":"CaseReopeningService reopenCase should successfully reopen case with parent case as supervisor","invocations":1,"location":null,"numPassingAsserts":1,"retryReasons":[],"status":"passed","title":"should successfully reopen case with parent case as supervisor"},{"ancestorTitles":["CaseReopeningService","reopenCase"],"duration":9,"failureDetails":[],"failureMessages":[],"fullName":"CaseReopeningService reopenCase should create approval task for non-supervisor investigator","invocations":1,"location":null,"numPassingAsserts":3,"retryReasons":[],"status":"passed","title":"should create approval task for non-supervisor investigator"},{"ancestorTitles":["CaseReopeningService","reopenCase"],"duration":66,"failureDetails":[],"failureMessages":[],"fullName":"CaseReopeningService reopenCase should throw error if case is not in reopenable state","invocations":1,"location":null,"numPassingAsserts":2,"retryReasons":[],"status":"passed","title":"should throw error if case is not in reopenable state"},{"ancestorTitles":["CaseReopeningService","reopenCase"],"duration":52,"failureDetails":[],"failureMessages":[],"fullName":"CaseReopeningService reopenCase should throw error if reason is too short","invocations":1,"location":null,"numPassingAsserts":2,"retryReasons":[],"status":"passed","title":"should throw error if reason is too short"},{"ancestorTitles":["CaseReopeningService","reopenCase"],"duration":9,"failureDetails":[],"failureMessages":[],"fullName":"CaseReopeningService reopenCase should throw error if reason is empty","invocations":1,"location":null,"numPassingAsserts":2,"retryReasons":[],"status":"passed","title":"should throw error if reason is empty"},{"ancestorTitles":["CaseReopeningService","reopenCase"],"duration":8,"failureDetails":[],"failureMessages":[],"fullName":"CaseReopeningService reopenCase should handle errors during reopening","invocations":1,"location":null,"numPassingAsserts":3,"retryReasons":[],"status":"passed","title":"should handle errors during reopening"},{"ancestorTitles":["CaseReopeningService","approveCaseReopening"],"duration":6,"failureDetails":[],"failureMessages":[],"fullName":"CaseReopeningService approveCaseReopening should approve reopening and assign to investigations queue","invocations":1,"location":null,"numPassingAsserts":3,"retryReasons":[],"status":"passed","title":"should approve reopening and assign to investigations queue"},{"ancestorTitles":["CaseReopeningService","approveCaseReopening"],"duration":7,"failureDetails":[],"failureMessages":[],"fullName":"CaseReopeningService approveCaseReopening should approve reopening for case with parent and update parent status","invocations":1,"location":null,"numPassingAsserts":1,"retryReasons":[],"status":"passed","title":"should approve reopening for case with parent and update parent status"},{"ancestorTitles":["CaseReopeningService","approveCaseReopening"],"duration":5,"failureDetails":[],"failureMessages":[],"fullName":"CaseReopeningService approveCaseReopening should handle parse errors in reopening metadata","invocations":1,"location":null,"numPassingAsserts":1,"retryReasons":[],"status":"passed","title":"should handle parse errors in reopening metadata"},{"ancestorTitles":["CaseReopeningService","approveCaseReopening"],"duration":6,"failureDetails":[],"failureMessages":[],"fullName":"CaseReopeningService approveCaseReopening should handle notification errors for group gracefully","invocations":1,"location":null,"numPassingAsserts":2,"retryReasons":[],"status":"passed","title":"should handle notification errors for group gracefully"},{"ancestorTitles":["CaseReopeningService","approveCaseReopening"],"duration":13,"failureDetails":[],"failureMessages":[],"fullName":"CaseReopeningService approveCaseReopening should throw error if case not found","invocations":1,"location":null,"numPassingAsserts":1,"retryReasons":[],"status":"passed","title":"should throw error if case not found"},{"ancestorTitles":["CaseReopeningService","approveCaseReopening"],"duration":4,"failureDetails":[],"failureMessages":[],"fullName":"CaseReopeningService approveCaseReopening should throw error if case not in pending reopening state","invocations":1,"location":null,"numPassingAsserts":1,"retryReasons":[],"status":"passed","title":"should throw error if case not in pending reopening state"},{"ancestorTitles":["CaseReopeningService","approveCaseReopening"],"duration":5,"failureDetails":[],"failureMessages":[],"fullName":"CaseReopeningService approveCaseReopening should throw error if reopening task not found","invocations":1,"location":null,"numPassingAsserts":1,"retryReasons":[],"status":"passed","title":"should throw error if reopening task not found"},{"ancestorTitles":["CaseReopeningService","approveCaseReopening"],"duration":4,"failureDetails":[],"failureMessages":[],"fullName":"CaseReopeningService approveCaseReopening should handle errors during approval","invocations":1,"location":null,"numPassingAsserts":3,"retryReasons":[],"status":"passed","title":"should handle errors during approval"},{"ancestorTitles":["CaseReopeningService","rejectCaseReopening"],"duration":4,"failureDetails":[],"failureMessages":[],"fullName":"CaseReopeningService rejectCaseReopening should successfully reject case reopening","invocations":1,"location":null,"numPassingAsserts":3,"retryReasons":[],"status":"passed","title":"should successfully reject case reopening"},{"ancestorTitles":["CaseReopeningService","rejectCaseReopening"],"duration":4,"failureDetails":[],"failureMessages":[],"fullName":"CaseReopeningService rejectCaseReopening should throw error if rejection reason is too short","invocations":1,"location":null,"numPassingAsserts":2,"retryReasons":[],"status":"passed","title":"should throw error if rejection reason is too short"},{"ancestorTitles":["CaseReopeningService","rejectCaseReopening"],"duration":3,"failureDetails":[],"failureMessages":[],"fullName":"CaseReopeningService rejectCaseReopening should throw error if rejection reason is empty","invocations":1,"location":null,"numPassingAsserts":2,"retryReasons":[],"status":"passed","title":"should throw error if rejection reason is empty"},{"ancestorTitles":["CaseReopeningService","rejectCaseReopening"],"duration":3,"failureDetails":[],"failureMessages":[],"fullName":"CaseReopeningService rejectCaseReopening should handle parse errors in reopening metadata","invocations":1,"location":null,"numPassingAsserts":1,"retryReasons":[],"status":"passed","title":"should handle parse errors in reopening metadata"},{"ancestorTitles":["CaseReopeningService","rejectCaseReopening"],"duration":3,"failureDetails":[],"failureMessages":[],"fullName":"CaseReopeningService rejectCaseReopening should restore case to STATUS_STATUS_81_CLOSED_REFUTED","invocations":1,"location":null,"numPassingAsserts":1,"retryReasons":[],"status":"passed","title":"should restore case to STATUS_STATUS_81_CLOSED_REFUTED"},{"ancestorTitles":["CaseReopeningService","rejectCaseReopening"],"duration":3,"failureDetails":[],"failureMessages":[],"fullName":"CaseReopeningService rejectCaseReopening should restore case to STATUS_STATUS_83_CLOSED_INCONCLUSIVE","invocations":1,"location":null,"numPassingAsserts":1,"retryReasons":[],"status":"passed","title":"should restore case to STATUS_STATUS_83_CLOSED_INCONCLUSIVE"},{"ancestorTitles":["CaseReopeningService","rejectCaseReopening"],"duration":3,"failureDetails":[],"failureMessages":[],"fullName":"CaseReopeningService rejectCaseReopening should throw error if case not found","invocations":1,"location":null,"numPassingAsserts":1,"retryReasons":[],"status":"passed","title":"should throw error if case not found"},{"ancestorTitles":["CaseReopeningService","rejectCaseReopening"],"duration":3,"failureDetails":[],"failureMessages":[],"fullName":"CaseReopeningService rejectCaseReopening should throw error if reopening task not found","invocations":1,"location":null,"numPassingAsserts":1,"retryReasons":[],"status":"passed","title":"should throw error if reopening task not found"},{"ancestorTitles":["CaseReopeningService","rejectCaseReopening"],"duration":3,"failureDetails":[],"failureMessages":[],"fullName":"CaseReopeningService rejectCaseReopening should handle errors during rejection","invocations":1,"location":null,"numPassingAsserts":3,"retryReasons":[],"status":"passed","title":"should handle errors during rejection"},{"ancestorTitles":["CaseReopeningService","validateReopeningPreconditions"],"duration":3,"failureDetails":[],"failureMessages":[],"fullName":"CaseReopeningService validateReopeningPreconditions should throw NotFoundException if case not found","invocations":1,"location":null,"numPassingAsserts":1,"retryReasons":[],"status":"passed","title":"should throw NotFoundException if case not found"},{"ancestorTitles":["CaseReopeningService","validateReopeningPreconditions"],"duration":3,"failureDetails":[],"failureMessages":[],"fullName":"CaseReopeningService validateReopeningPreconditions should throw ConflictException if case not in pending reopening state","invocations":1,"location":null,"numPassingAsserts":1,"retryReasons":[],"status":"passed","title":"should throw ConflictException if case not in pending reopening state"},{"ancestorTitles":["CaseReopeningService","validateReopeningPreconditions"],"duration":3,"failureDetails":[],"failureMessages":[],"fullName":"CaseReopeningService validateReopeningPreconditions should throw NotFoundException if reopening task not found","invocations":1,"location":null,"numPassingAsserts":1,"retryReasons":[],"status":"passed","title":"should throw NotFoundException if reopening task not found"},{"ancestorTitles":["CaseReopeningService","validateReopeningPreconditions"],"duration":3,"failureDetails":[],"failureMessages":[],"fullName":"CaseReopeningService validateReopeningPreconditions should return case data if all preconditions are met","invocations":1,"location":null,"numPassingAsserts":1,"retryReasons":[],"status":"passed","title":"should return case data if all preconditions are met"}],"endTime":1780316888846,"message":"","name":"C:\\Users\\IbadAhmedKhan\\Desktop\\case-management-system\\backend\\test\\case-reopening.service.spec.ts","startTime":1780316838430,"status":"passed","summary":""},{"assertionResults":[{"ancestorTitles":["AlertService","createNewAlert"],"duration":80,"failureDetails":[],"failureMessages":[],"fullName":"AlertService createNewAlert creates alert successfully","invocations":1,"location":null,"numPassingAsserts":3,"retryReasons":[],"status":"passed","title":"creates alert successfully"},{"ancestorTitles":["AlertService","createNewAlert"],"duration":6,"failureDetails":[],"failureMessages":[],"fullName":"AlertService createNewAlert uses default message when none provided","invocations":1,"location":null,"numPassingAsserts":1,"retryReasons":[],"status":"passed","title":"uses default message when none provided"},{"ancestorTitles":["AlertService","createNewAlert"],"duration":64,"failureDetails":[],"failureMessages":[],"fullName":"AlertService createNewAlert throws InternalServerErrorException when createAlert returns null","invocations":1,"location":null,"numPassingAsserts":1,"retryReasons":[],"status":"passed","title":"throws InternalServerErrorException when createAlert returns null"},{"ancestorTitles":["AlertService","createNewAlert"],"duration":46,"failureDetails":[],"failureMessages":[],"fullName":"AlertService createNewAlert throws InternalServerErrorException on Error","invocations":1,"location":null,"numPassingAsserts":2,"retryReasons":[],"status":"passed","title":"throws InternalServerErrorException on Error"},{"ancestorTitles":["AlertService","createNewAlert"],"duration":10,"failureDetails":[],"failureMessages":[],"fullName":"AlertService createNewAlert throws InternalServerErrorException on string error","invocations":1,"location":null,"numPassingAsserts":2,"retryReasons":[],"status":"passed","title":"throws InternalServerErrorException on string error"},{"ancestorTitles":["AlertService","updateAlert"],"duration":6,"failureDetails":[],"failureMessages":[],"fullName":"AlertService updateAlert updates alert successfully","invocations":1,"location":null,"numPassingAsserts":4,"retryReasons":[],"status":"passed","title":"updates alert successfully"},{"ancestorTitles":["AlertService","updateAlert"],"duration":5,"failureDetails":[],"failureMessages":[],"fullName":"AlertService updateAlert passes transaction client to repository","invocations":1,"location":null,"numPassingAsserts":2,"retryReasons":[],"status":"passed","title":"passes transaction client to repository"},{"ancestorTitles":["AlertService","updateAlert"],"duration":8,"failureDetails":[],"failureMessages":[],"fullName":"AlertService updateAlert throws InternalServerErrorException on Error","invocations":1,"location":null,"numPassingAsserts":2,"retryReasons":[],"status":"passed","title":"throws InternalServerErrorException on Error"},{"ancestorTitles":["AlertService","updateAlert"],"duration":16,"failureDetails":[],"failureMessages":[],"fullName":"AlertService updateAlert throws InternalServerErrorException on string error","invocations":1,"location":null,"numPassingAsserts":2,"retryReasons":[],"status":"passed","title":"throws InternalServerErrorException on string error"},{"ancestorTitles":["AlertService","handleAlertOrNALT"],"duration":5,"failureDetails":[],"failureMessages":[],"fullName":"AlertService handleAlertOrNALT creates NALT alert when report status is NALT","invocations":1,"location":null,"numPassingAsserts":2,"retryReasons":[],"status":"passed","title":"creates NALT alert when report status is NALT"},{"ancestorTitles":["AlertService","handleAlertOrNALT"],"duration":4,"failureDetails":[],"failureMessages":[],"fullName":"AlertService handleAlertOrNALT creates case and alert when report status is ALRT","invocations":1,"location":null,"numPassingAsserts":3,"retryReasons":[],"status":"passed","title":"creates case and alert when report status is ALRT"},{"ancestorTitles":["AlertService","handleAlertOrNALT"],"duration":5,"failureDetails":[],"failureMessages":[],"fullName":"AlertService handleAlertOrNALT falls back to userId when SYSTEM_UUID not configured","invocations":1,"location":null,"numPassingAsserts":2,"retryReasons":[],"status":"passed","title":"falls back to userId when SYSTEM_UUID not configured"},{"ancestorTitles":["AlertService","getAlertTransactionalData"],"duration":6,"failureDetails":[],"failureMessages":[],"fullName":"AlertService getAlertTransactionalData returns transaction data for valid alert","invocations":1,"location":null,"numPassingAsserts":3,"retryReasons":[],"status":"passed","title":"returns transaction data for valid alert"},{"ancestorTitles":["AlertService","getAlertTransactionalData"],"duration":4,"failureDetails":[],"failureMessages":[],"fullName":"AlertService getAlertTransactionalData throws when alert not found","invocations":1,"location":null,"numPassingAsserts":1,"retryReasons":[],"status":"passed","title":"throws when alert not found"},{"ancestorTitles":["AlertService","getAlertTransactionalData"],"duration":5,"failureDetails":[],"failureMessages":[],"fullName":"AlertService getAlertTransactionalData throws when referenceId not in transaction","invocations":1,"location":null,"numPassingAsserts":1,"retryReasons":[],"status":"passed","title":"throws when referenceId not in transaction"},{"ancestorTitles":["AlertService","getAlertTransactionalData"],"duration":5,"failureDetails":[],"failureMessages":[],"fullName":"AlertService getAlertTransactionalData throws when goldLakehouseService returns data without data property","invocations":1,"location":null,"numPassingAsserts":1,"retryReasons":[],"status":"passed","title":"throws when goldLakehouseService returns data without data property"},{"ancestorTitles":["AlertService","getAlertTransactionalData"],"duration":6,"failureDetails":[],"failureMessages":[],"fullName":"AlertService getAlertTransactionalData throws when goldLakehouseService returns null data","invocations":1,"location":null,"numPassingAsserts":1,"retryReasons":[],"status":"passed","title":"throws when goldLakehouseService returns null data"},{"ancestorTitles":["AlertService","getAlertDetails"],"duration":6,"failureDetails":[],"failureMessages":[],"fullName":"AlertService getAlertDetails returns sanitized alert for matching tenant","invocations":1,"location":null,"numPassingAsserts":3,"retryReasons":[],"status":"passed","title":"returns sanitized alert for matching tenant"},{"ancestorTitles":["AlertService","getAlertDetails"],"duration":4,"failureDetails":[],"failureMessages":[],"fullName":"AlertService getAlertDetails throws NotFoundException when alert not found","invocations":1,"location":null,"numPassingAsserts":1,"retryReasons":[],"status":"passed","title":"throws NotFoundException when alert not found"},{"ancestorTitles":["AlertService","getAlertDetails"],"duration":4,"failureDetails":[],"failureMessages":[],"fullName":"AlertService getAlertDetails throws NotFoundException when tenant does not match","invocations":1,"location":null,"numPassingAsserts":1,"retryReasons":[],"status":"passed","title":"throws NotFoundException when tenant does not match"},{"ancestorTitles":["AlertService","getAlertDetails"],"duration":9,"failureDetails":[],"failureMessages":[],"fullName":"AlertService getAlertDetails throws InternalServerErrorException on repository Error","invocations":1,"location":null,"numPassingAsserts":2,"retryReasons":[],"status":"passed","title":"throws InternalServerErrorException on repository Error"},{"ancestorTitles":["AlertService","getAlertActionHistory"],"duration":4,"failureDetails":[],"failureMessages":[],"fullName":"AlertService getAlertActionHistory returns action history for valid alert","invocations":1,"location":null,"numPassingAsserts":2,"retryReasons":[],"status":"passed","title":"returns action history for valid alert"},{"ancestorTitles":["AlertService","getAlertActionHistory"],"duration":3,"failureDetails":[],"failureMessages":[],"fullName":"AlertService getAlertActionHistory throws NotFoundException when alert not found","invocations":1,"location":null,"numPassingAsserts":1,"retryReasons":[],"status":"passed","title":"throws NotFoundException when alert not found"},{"ancestorTitles":["AlertService","getAlertActionHistory"],"duration":3,"failureDetails":[],"failureMessages":[],"fullName":"AlertService getAlertActionHistory returns empty history when no actions found","invocations":1,"location":null,"numPassingAsserts":1,"retryReasons":[],"status":"passed","title":"returns empty history when no actions found"}],"endTime":1780316889259,"message":"","name":"C:\\Users\\IbadAhmedKhan\\Desktop\\case-management-system\\backend\\test\\alert.service.spec.ts","startTime":1780316838354,"status":"passed","summary":""},{"assertionResults":[{"ancestorTitles":["CaseCreationService","createCase"],"duration":123,"failureDetails":[],"failureMessages":[],"fullName":"CaseCreationService createCase should successfully create a case","invocations":1,"location":null,"numPassingAsserts":6,"retryReasons":[],"status":"passed","title":"should successfully create a case"},{"ancestorTitles":["CaseCreationService","createCase"],"duration":12,"failureDetails":[],"failureMessages":[],"fullName":"CaseCreationService createCase should create a case with parent id","invocations":1,"location":null,"numPassingAsserts":2,"retryReasons":[],"status":"passed","title":"should create a case with parent id"},{"ancestorTitles":["CaseCreationService","createCase"],"duration":7,"failureDetails":[],"failureMessages":[],"fullName":"CaseCreationService createCase should create case with different status","invocations":1,"location":null,"numPassingAsserts":1,"retryReasons":[],"status":"passed","title":"should create case with different status"},{"ancestorTitles":["CaseCreationService","createCase"],"duration":5,"failureDetails":[],"failureMessages":[],"fullName":"CaseCreationService createCase should create case with different priority","invocations":1,"location":null,"numPassingAsserts":1,"retryReasons":[],"status":"passed","title":"should create case with different priority"},{"ancestorTitles":["CaseCreationService","createCase"],"duration":5,"failureDetails":[],"failureMessages":[],"fullName":"CaseCreationService createCase should create case with different case type","invocations":1,"location":null,"numPassingAsserts":1,"retryReasons":[],"status":"passed","title":"should create case with different case type"},{"ancestorTitles":["CaseCreationService","createCase"],"duration":5,"failureDetails":[],"failureMessages":[],"fullName":"CaseCreationService createCase should create case with different creation type","invocations":1,"location":null,"numPassingAsserts":1,"retryReasons":[],"status":"passed","title":"should create case with different creation type"},{"ancestorTitles":["CaseCreationService","createCase"],"duration":66,"failureDetails":[],"failureMessages":[],"fullName":"CaseCreationService createCase should handle Database error during case creation","invocations":1,"location":null,"numPassingAsserts":2,"retryReasons":[],"status":"passed","title":"should handle Database error during case creation"},{"ancestorTitles":["CaseCreationService","createCase"],"duration":5,"failureDetails":[],"failureMessages":[],"fullName":"CaseCreationService createCase should handle InternalServerErrorException during case creation","invocations":1,"location":null,"numPassingAsserts":2,"retryReasons":[],"status":"passed","title":"should handle InternalServerErrorException during case creation"},{"ancestorTitles":["CaseCreationService","createCaseWithInvestigationTask"],"duration":6,"failureDetails":[],"failureMessages":[],"fullName":"CaseCreationService createCaseWithInvestigationTask should successfully create case with investigation task","invocations":1,"location":null,"numPassingAsserts":5,"retryReasons":[],"status":"passed","title":"should successfully create case with investigation task"},{"ancestorTitles":["CaseCreationService","createCaseWithInvestigationTask"],"duration":5,"failureDetails":[],"failureMessages":[],"fullName":"CaseCreationService createCaseWithInvestigationTask should create FRAUD case type","invocations":1,"location":null,"numPassingAsserts":2,"retryReasons":[],"status":"passed","title":"should create FRAUD case type"},{"ancestorTitles":["CaseCreationService","createCaseWithInvestigationTask"],"duration":6,"failureDetails":[],"failureMessages":[],"fullName":"CaseCreationService createCaseWithInvestigationTask should create AML case type","invocations":1,"location":null,"numPassingAsserts":2,"retryReasons":[],"status":"passed","title":"should create AML case type"},{"ancestorTitles":["CaseCreationService","createCaseWithInvestigationTask"],"duration":4,"failureDetails":[],"failureMessages":[],"fullName":"CaseCreationService createCaseWithInvestigationTask should create FRAUD_AND_AML case type","invocations":1,"location":null,"numPassingAsserts":2,"retryReasons":[],"status":"passed","title":"should create FRAUD_AND_AML case type"},{"ancestorTitles":["CaseCreationService","createCaseWithInvestigationTask"],"duration":3,"failureDetails":[],"failureMessages":[],"fullName":"CaseCreationService createCaseWithInvestigationTask should create case with CRITICAL priority","invocations":1,"location":null,"numPassingAsserts":2,"retryReasons":[],"status":"passed","title":"should create case with CRITICAL priority"},{"ancestorTitles":["CaseCreationService","createCaseWithInvestigationTask"],"duration":3,"failureDetails":[],"failureMessages":[],"fullName":"CaseCreationService createCaseWithInvestigationTask should create case with URGENT priority","invocations":1,"location":null,"numPassingAsserts":2,"retryReasons":[],"status":"passed","title":"should create case with URGENT priority"},{"ancestorTitles":["CaseCreationService","createCaseWithInvestigationTask"],"duration":3,"failureDetails":[],"failureMessages":[],"fullName":"CaseCreationService createCaseWithInvestigationTask should create case with NEW priority","invocations":1,"location":null,"numPassingAsserts":2,"retryReasons":[],"status":"passed","title":"should create case with NEW priority"},{"ancestorTitles":["CaseCreationService","createCaseWithInvestigationTask"],"duration":3,"failureDetails":[],"failureMessages":[],"fullName":"CaseCreationService createCaseWithInvestigationTask should create case with BREACH priority","invocations":1,"location":null,"numPassingAsserts":2,"retryReasons":[],"status":"passed","title":"should create case with BREACH priority"},{"ancestorTitles":["CaseCreationService","createCaseWithInvestigationTask"],"duration":28,"failureDetails":[],"failureMessages":[],"fullName":"CaseCreationService createCaseWithInvestigationTask should throw InternalServerErrorException on case creation error","invocations":1,"location":null,"numPassingAsserts":2,"retryReasons":[],"status":"passed","title":"should throw InternalServerErrorException on case creation error"},{"ancestorTitles":["CaseCreationService","manualCaseCreation"],"duration":4,"failureDetails":[],"failureMessages":[],"fullName":"CaseCreationService manualCaseCreation should create manual case as supervisor (no approval needed)","invocations":1,"location":null,"numPassingAsserts":5,"retryReasons":[],"status":"passed","title":"should create manual case as supervisor (no approval needed)"},{"ancestorTitles":["CaseCreationService","manualCaseCreation"],"duration":4,"failureDetails":[],"failureMessages":[],"fullName":"CaseCreationService manualCaseCreation should create manual case as investigator (needs approval)","invocations":1,"location":null,"numPassingAsserts":3,"retryReasons":[],"status":"passed","title":"should create manual case as investigator (needs approval)"},{"ancestorTitles":["CaseCreationService","manualCaseCreation"],"duration":5,"failureDetails":[],"failureMessages":[],"fullName":"CaseCreationService manualCaseCreation should create FRAUD_AND_AML case with two child cases","invocations":1,"location":null,"numPassingAsserts":2,"retryReasons":[],"status":"passed","title":"should create FRAUD_AND_AML case with two child cases"},{"ancestorTitles":["CaseCreationService","manualCaseCreation"],"duration":4,"failureDetails":[],"failureMessages":[],"fullName":"CaseCreationService manualCaseCreation should throw BadRequestException if alert not found","invocations":1,"location":null,"numPassingAsserts":1,"retryReasons":[],"status":"passed","title":"should throw BadRequestException if alert not found"},{"ancestorTitles":["CaseCreationService","manualCaseCreation"],"duration":9,"failureDetails":[],"failureMessages":[],"fullName":"CaseCreationService manualCaseCreation should throw BadRequestException if case already exists","invocations":1,"location":null,"numPassingAsserts":1,"retryReasons":[],"status":"passed","title":"should throw BadRequestException if case already exists"},{"ancestorTitles":["CaseCreationService","manualCaseCreation"],"duration":5,"failureDetails":[],"failureMessages":[],"fullName":"CaseCreationService manualCaseCreation should throw InternalServerErrorException on creation failure","invocations":1,"location":null,"numPassingAsserts":2,"retryReasons":[],"status":"passed","title":"should throw InternalServerErrorException on creation failure"}],"endTime":1780316889435,"message":"","name":"C:\\Users\\IbadAhmedKhan\\Desktop\\case-management-system\\backend\\test\\case-creation.service.spec.ts","startTime":1780316838573,"status":"passed","summary":""},{"assertionResults":[{"ancestorTitles":["RbacService","getRoleFromUser"],"duration":34,"failureDetails":[],"failureMessages":[],"fullName":"RbacService getRoleFromUser returns the role when actorRole is a known matrix role","invocations":1,"location":null,"numPassingAsserts":4,"retryReasons":[],"status":"passed","title":"returns the role when actorRole is a known matrix role"},{"ancestorTitles":["RbacService","getRoleFromUser"],"duration":64,"failureDetails":[],"failureMessages":[],"fullName":"RbacService getRoleFromUser throw error for an unrecognised role","invocations":1,"location":null,"numPassingAsserts":2,"retryReasons":[],"status":"passed","title":"throw error for an unrecognised role"},{"ancestorTitles":["RbacService","checkTier2"],"duration":1,"failureDetails":[],"failureMessages":[],"fullName":"RbacService checkTier2 allows when role has a non-empty allowedCurrentStatuses that includes currentStatus","invocations":1,"location":null,"numPassingAsserts":1,"retryReasons":[],"status":"passed","title":"allows when role has a non-empty allowedCurrentStatuses that includes currentStatus"},{"ancestorTitles":["RbacService","checkTier2"],"duration":1,"failureDetails":[],"failureMessages":[],"fullName":"RbacService checkTier2 denies when currentStatus is not in allowedCurrentStatuses","invocations":1,"location":null,"numPassingAsserts":3,"retryReasons":[],"status":"passed","title":"denies when currentStatus is not in allowedCurrentStatuses"},{"ancestorTitles":["RbacService","checkTier2"],"duration":1,"failureDetails":[],"failureMessages":[],"fullName":"RbacService checkTier2 allows when allowedCurrentStatuses is empty (no restriction for that role)","invocations":1,"location":null,"numPassingAsserts":1,"retryReasons":[],"status":"passed","title":"allows when allowedCurrentStatuses is empty (no restriction for that role)"},{"ancestorTitles":["RbacService","checkTier2"],"duration":1,"failureDetails":[],"failureMessages":[],"fullName":"RbacService checkTier2 denies when the role has no permissions defined for the endpoint","invocations":1,"location":null,"numPassingAsserts":2,"retryReasons":[],"status":"passed","title":"denies when the role has no permissions defined for the endpoint"},{"ancestorTitles":["RbacService","checkTier2"],"duration":1,"failureDetails":[],"failureMessages":[],"fullName":"RbacService checkTier2 allows when endpoint has no tier2 config at all (not in matrix)","invocations":1,"location":null,"numPassingAsserts":1,"retryReasons":[],"status":"passed","title":"allows when endpoint has no tier2 config at all (not in matrix)"},{"ancestorTitles":["RbacService","checkTier3"],"duration":1,"failureDetails":[],"failureMessages":[],"fullName":"RbacService checkTier3 allows a valid transition","invocations":1,"location":null,"numPassingAsserts":1,"retryReasons":[],"status":"passed","title":"allows a valid transition"},{"ancestorTitles":["RbacService","checkTier3"],"duration":0,"failureDetails":[],"failureMessages":[],"fullName":"RbacService checkTier3 denies an invalid transition","invocations":1,"location":null,"numPassingAsserts":3,"retryReasons":[],"status":"passed","title":"denies an invalid transition"},{"ancestorTitles":["RbacService","checkTier3"],"duration":0,"failureDetails":[],"failureMessages":[],"fullName":"RbacService checkTier3 denies when targetStatus is not provided","invocations":1,"location":null,"numPassingAsserts":2,"retryReasons":[],"status":"passed","title":"denies when targetStatus is not provided"},{"ancestorTitles":["RbacService","checkTier3"],"duration":1,"failureDetails":[],"failureMessages":[],"fullName":"RbacService checkTier3 denies when the role has no transitions defined for the endpoint","invocations":1,"location":null,"numPassingAsserts":1,"retryReasons":[],"status":"passed","title":"denies when the role has no transitions defined for the endpoint"},{"ancestorTitles":["RbacService","checkTier3"],"duration":1,"failureDetails":[],"failureMessages":[],"fullName":"RbacService checkTier3 allows when the endpoint has no tier3 config (not in matrix)","invocations":1,"location":null,"numPassingAsserts":1,"retryReasons":[],"status":"passed","title":"allows when the endpoint has no tier3 config (not in matrix)"},{"ancestorTitles":["RbacService","checkTier3"],"duration":0,"failureDetails":[],"failureMessages":[],"fullName":"RbacService checkTier3 denies when currentStatus has no outgoing transitions for the role","invocations":1,"location":null,"numPassingAsserts":1,"retryReasons":[],"status":"passed","title":"denies when currentStatus has no outgoing transitions for the role"},{"ancestorTitles":["RbacService","checkTier3"],"duration":1,"failureDetails":[],"failureMessages":[],"fullName":"RbacService checkTier3 allows all valid reject-reopening target statuses for supervisor","invocations":1,"location":null,"numPassingAsserts":5,"retryReasons":[],"status":"passed","title":"allows all valid reject-reopening target statuses for supervisor"},{"ancestorTitles":["RbacService","checkTier3"],"duration":1,"failureDetails":[],"failureMessages":[],"fullName":"RbacService checkTier3 denies invalid target for reject-reopening","invocations":1,"location":null,"numPassingAsserts":1,"retryReasons":[],"status":"passed","title":"denies invalid target for reject-reopening"},{"ancestorTitles":["RbacService","getTier2AllowedStatuses"],"duration":2,"failureDetails":[],"failureMessages":[],"fullName":"RbacService getTier2AllowedStatuses returns the allowed statuses list for compliance officer on evidence upload","invocations":1,"location":null,"numPassingAsserts":2,"retryReasons":[],"status":"passed","title":"returns the allowed statuses list for compliance officer on evidence upload"},{"ancestorTitles":["RbacService","getTier2AllowedStatuses"],"duration":1,"failureDetails":[],"failureMessages":[],"fullName":"RbacService getTier2AllowedStatuses returns empty allowedStatuses for roles with no restriction","invocations":1,"location":null,"numPassingAsserts":2,"retryReasons":[],"status":"passed","title":"returns empty allowedStatuses for roles with no restriction"},{"ancestorTitles":["RbacService","getTier2AllowedStatuses"],"duration":0,"failureDetails":[],"failureMessages":[],"fullName":"RbacService getTier2AllowedStatuses returns not-allowed when role has no permissions for that endpoint","invocations":1,"location":null,"numPassingAsserts":1,"retryReasons":[],"status":"passed","title":"returns not-allowed when role has no permissions for that endpoint"},{"ancestorTitles":["CaseService — Tier 2 & Tier 3 RBAC guards","suspendCase — Tier 2 guard"],"duration":40,"failureDetails":[],"failureMessages":[],"fullName":"CaseService — Tier 2 & Tier 3 RBAC guards suspendCase — Tier 2 guard throws ForbiddenException when case is not in an allowed status for that role","invocations":1,"location":null,"numPassingAsserts":1,"retryReasons":[],"status":"passed","title":"throws ForbiddenException when case is not in an allowed status for that role"},{"ancestorTitles":["CaseService — Tier 2 & Tier 3 RBAC guards","suspendCase — Tier 2 guard"],"duration":8,"failureDetails":[],"failureMessages":[],"fullName":"CaseService — Tier 2 & Tier 3 RBAC guards suspendCase — Tier 2 guard throws ForbiddenException when role has no Tier 2 permissions for the endpoint","invocations":1,"location":null,"numPassingAsserts":1,"retryReasons":[],"status":"passed","title":"throws ForbiddenException when role has no Tier 2 permissions for the endpoint"},{"ancestorTitles":["CaseService — Tier 2 & Tier 3 RBAC guards","suspendCase — Tier 2 guard"],"duration":5,"failureDetails":[],"failureMessages":[],"fullName":"CaseService — Tier 2 & Tier 3 RBAC guards suspendCase — Tier 2 guard throws ForbiddenException when actorRole is unrecognised","invocations":1,"location":null,"numPassingAsserts":1,"retryReasons":[],"status":"passed","title":"throws ForbiddenException when actorRole is unrecognised"},{"ancestorTitles":["CaseService — Tier 2 & Tier 3 RBAC guards","suspendCase — Tier 2 guard"],"duration":4,"failureDetails":[],"failureMessages":[],"fullName":"CaseService — Tier 2 & Tier 3 RBAC guards suspendCase — Tier 2 guard rejects via business logic validation even with valid RBAC user (backward compat)","invocations":1,"location":null,"numPassingAsserts":1,"retryReasons":[],"status":"passed","title":"rejects via business logic validation even with valid RBAC user (backward compat)"},{"ancestorTitles":["CaseService — Tier 2 & Tier 3 RBAC guards","suspendCase — Tier 3 guard"],"duration":5,"failureDetails":[],"failureMessages":[],"fullName":"CaseService — Tier 2 & Tier 3 RBAC guards suspendCase — Tier 3 guard throws ForbiddenException when the transition is not allowed by the matrix","invocations":1,"location":null,"numPassingAsserts":1,"retryReasons":[],"status":"passed","title":"throws ForbiddenException when the transition is not allowed by the matrix"},{"ancestorTitles":["CaseService — Tier 2 & Tier 3 RBAC guards","resumeCase — Tier 2 guard"],"duration":7,"failureDetails":[],"failureMessages":[],"fullName":"CaseService — Tier 2 & Tier 3 RBAC guards resumeCase — Tier 2 guard throws ForbiddenException when case is not in STATUS_21_SUSPENDED","invocations":1,"location":null,"numPassingAsserts":1,"retryReasons":[],"status":"passed","title":"throws ForbiddenException when case is not in STATUS_21_SUSPENDED"},{"ancestorTitles":["CaseService — Tier 2 & Tier 3 RBAC guards","resumeCase — Tier 2 guard"],"duration":5,"failureDetails":[],"failureMessages":[],"fullName":"CaseService — Tier 2 & Tier 3 RBAC guards resumeCase — Tier 2 guard throws ForbiddenException when role has no permissions for resume","invocations":1,"location":null,"numPassingAsserts":1,"retryReasons":[],"status":"passed","title":"throws ForbiddenException when role has no permissions for resume"}],"endTime":1780316891590,"message":"","name":"C:\\Users\\IbadAhmedKhan\\Desktop\\case-management-system\\backend\\test\\rbac.service.spec.ts","startTime":1780316838131,"status":"passed","summary":""},{"assertionResults":[{"ancestorTitles":["NatsStartupService","onModuleInit"],"duration":115,"failureDetails":[],"failureMessages":[],"fullName":"NatsStartupService onModuleInit should initialize NATS Relay Plugin successfully","invocations":1,"location":null,"numPassingAsserts":3,"retryReasons":[],"status":"passed","title":"should initialize NATS Relay Plugin successfully"},{"ancestorTitles":["NatsStartupService","onModuleInit"],"duration":14,"failureDetails":[],"failureMessages":[],"fullName":"NatsStartupService onModuleInit should handle initialization error: Error object","invocations":1,"location":null,"numPassingAsserts":2,"retryReasons":[],"status":"passed","title":"should handle initialization error: Error object"},{"ancestorTitles":["NatsStartupService","onModuleInit"],"duration":9,"failureDetails":[],"failureMessages":[],"fullName":"NatsStartupService onModuleInit should handle initialization error: String error","invocations":1,"location":null,"numPassingAsserts":2,"retryReasons":[],"status":"passed","title":"should handle initialization error: String error"},{"ancestorTitles":["NatsStartupService","onModuleInit"],"duration":96,"failureDetails":[],"failureMessages":[],"fullName":"NatsStartupService onModuleInit should handle initialization error when init fails","invocations":1,"location":null,"numPassingAsserts":2,"retryReasons":[],"status":"passed","title":"should handle initialization error when init fails"},{"ancestorTitles":["NatsStartupService","handleMessage"],"duration":10,"failureDetails":[],"failureMessages":[],"fullName":"NatsStartupService handleMessage should process incoming alert with tenant ID from transaction","invocations":1,"location":null,"numPassingAsserts":3,"retryReasons":[],"status":"passed","title":"should process incoming alert with tenant ID from transaction"},{"ancestorTitles":["NatsStartupService","handleMessage"],"duration":7,"failureDetails":[],"failureMessages":[],"fullName":"NatsStartupService handleMessage should use DEFAULT tenant when TenantId is undefined","invocations":1,"location":null,"numPassingAsserts":1,"retryReasons":[],"status":"passed","title":"should use DEFAULT tenant when TenantId is undefined"},{"ancestorTitles":["NatsStartupService","handleMessage"],"duration":6,"failureDetails":[],"failureMessages":[],"fullName":"NatsStartupService handleMessage should use DEFAULT tenant when TenantId is null","invocations":1,"location":null,"numPassingAsserts":1,"retryReasons":[],"status":"passed","title":"should use DEFAULT tenant when TenantId is null"},{"ancestorTitles":["NatsStartupService","handleMessage"],"duration":5,"failureDetails":[],"failureMessages":[],"fullName":"NatsStartupService handleMessage should use DEFAULT tenant when TenantId is empty string","invocations":1,"location":null,"numPassingAsserts":1,"retryReasons":[],"status":"passed","title":"should use DEFAULT tenant when TenantId is empty string"},{"ancestorTitles":["NatsStartupService","handleMessage"],"duration":6,"failureDetails":[],"failureMessages":[],"fullName":"NatsStartupService handleMessage should use system UUID: custom UUID","invocations":1,"location":null,"numPassingAsserts":2,"retryReasons":[],"status":"passed","title":"should use system UUID: custom UUID"},{"ancestorTitles":["NatsStartupService","handleMessage"],"duration":9,"failureDetails":[],"failureMessages":[],"fullName":"NatsStartupService handleMessage should use system UUID: null","invocations":1,"location":null,"numPassingAsserts":2,"retryReasons":[],"status":"passed","title":"should use system UUID: null"},{"ancestorTitles":["NatsStartupService","handleMessage"],"duration":5,"failureDetails":[],"failureMessages":[],"fullName":"NatsStartupService handleMessage should use system UUID: undefined","invocations":1,"location":null,"numPassingAsserts":2,"retryReasons":[],"status":"passed","title":"should use system UUID: undefined"},{"ancestorTitles":["NatsStartupService","handleMessage"],"duration":10,"failureDetails":[],"failureMessages":[],"fullName":"NatsStartupService handleMessage should handle different tenant IDs","invocations":1,"location":null,"numPassingAsserts":4,"retryReasons":[],"status":"passed","title":"should handle different tenant IDs"},{"ancestorTitles":["NatsStartupService","handleMessage"],"duration":39,"failureDetails":[],"failureMessages":[],"fullName":"NatsStartupService handleMessage should handle Error object from processAlertService","invocations":1,"location":null,"numPassingAsserts":1,"retryReasons":[],"status":"passed","title":"should handle Error object from processAlertService"},{"ancestorTitles":["NatsStartupService","handleMessage"],"duration":4,"failureDetails":[],"failureMessages":[],"fullName":"NatsStartupService handleMessage should handle String error from processAlertService","invocations":1,"location":null,"numPassingAsserts":1,"retryReasons":[],"status":"passed","title":"should handle String error from processAlertService"},{"ancestorTitles":["NatsStartupService","handleMessage"],"duration":5,"failureDetails":[],"failureMessages":[],"fullName":"NatsStartupService handleMessage should not throw error when processing fails","invocations":1,"location":null,"numPassingAsserts":1,"retryReasons":[],"status":"passed","title":"should not throw error when processing fails"},{"ancestorTitles":["NatsStartupService","handleMessage"],"duration":5,"failureDetails":[],"failureMessages":[],"fullName":"NatsStartupService handleMessage should handle null report in error logging","invocations":1,"location":null,"numPassingAsserts":1,"retryReasons":[],"status":"passed","title":"should handle null report in error logging"},{"ancestorTitles":["NatsStartupService","handleMessage"],"duration":5,"failureDetails":[],"failureMessages":[],"fullName":"NatsStartupService handleMessage should handle multiple messages sequentially","invocations":1,"location":null,"numPassingAsserts":3,"retryReasons":[],"status":"passed","title":"should handle multiple messages sequentially"},{"ancestorTitles":["NatsStartupService","handleMessage"],"duration":11,"failureDetails":[],"failureMessages":[],"fullName":"NatsStartupService handleMessage should continue processing after one message fails","invocations":1,"location":null,"numPassingAsserts":3,"retryReasons":[],"status":"passed","title":"should continue processing after one message fails"}],"endTime":1780316892707,"message":"","name":"C:\\Users\\IbadAhmedKhan\\Desktop\\case-management-system\\backend\\test\\nats.service.spec.ts","startTime":1780316838175,"status":"passed","summary":""},{"assertionResults":[{"ancestorTitles":["ProcessAlertService","processIncomingAlert","NALT status handling"],"duration":85,"failureDetails":[],"failureMessages":[],"fullName":"ProcessAlertService processIncomingAlert NALT status handling should return early when report status is NALT","invocations":1,"location":null,"numPassingAsserts":4,"retryReasons":[],"status":"passed","title":"should return early when report status is NALT"},{"ancestorTitles":["ProcessAlertService","processIncomingAlert","NALT status handling"],"duration":10,"failureDetails":[],"failureMessages":[],"fullName":"ProcessAlertService processIncomingAlert NALT status handling should return early when alert has no case_id","invocations":1,"location":null,"numPassingAsserts":4,"retryReasons":[],"status":"passed","title":"should return early when alert has no case_id"},{"ancestorTitles":["ProcessAlertService","processIncomingAlert","NALT status handling"],"duration":8,"failureDetails":[],"failureMessages":[],"fullName":"ProcessAlertService processIncomingAlert NALT status handling should return early when alert case_id is undefined","invocations":1,"location":null,"numPassingAsserts":2,"retryReasons":[],"status":"passed","title":"should return early when alert case_id is undefined"},{"ancestorTitles":["ProcessAlertService","processIncomingAlert","NALT status handling"],"duration":7,"failureDetails":[],"failureMessages":[],"fullName":"ProcessAlertService processIncomingAlert NALT status handling should return early when alert case_id is 0","invocations":1,"location":null,"numPassingAsserts":2,"retryReasons":[],"status":"passed","title":"should return early when alert case_id is 0"},{"ancestorTitles":["ProcessAlertService","processIncomingAlert","AI triage flow"],"duration":10,"failureDetails":[],"failureMessages":[],"fullName":"ProcessAlertService processIncomingAlert AI triage flow should handle AI triage when TRIAGE_TYPE is AI (case-insensitive)","invocations":1,"location":null,"numPassingAsserts":5,"retryReasons":[],"status":"passed","title":"should handle AI triage when TRIAGE_TYPE is AI (case-insensitive)"},{"ancestorTitles":["ProcessAlertService","processIncomingAlert","AI triage flow"],"duration":6,"failureDetails":[],"failureMessages":[],"fullName":"ProcessAlertService processIncomingAlert AI triage flow should handle AI triage when TRIAGE_TYPE is ai (case-insensitive)","invocations":1,"location":null,"numPassingAsserts":5,"retryReasons":[],"status":"passed","title":"should handle AI triage when TRIAGE_TYPE is ai (case-insensitive)"},{"ancestorTitles":["ProcessAlertService","processIncomingAlert","AI triage flow"],"duration":7,"failureDetails":[],"failureMessages":[],"fullName":"ProcessAlertService processIncomingAlert AI triage flow should handle AI triage when TRIAGE_TYPE is aI (case-insensitive)","invocations":1,"location":null,"numPassingAsserts":5,"retryReasons":[],"status":"passed","title":"should handle AI triage when TRIAGE_TYPE is aI (case-insensitive)"},{"ancestorTitles":["ProcessAlertService","processIncomingAlert","Manual triage flow"],"duration":4,"failureDetails":[],"failureMessages":[],"fullName":"ProcessAlertService processIncomingAlert Manual triage flow should create manual triage task when TRIAGE_TYPE is MANUAL","invocations":1,"location":null,"numPassingAsserts":4,"retryReasons":[],"status":"passed","title":"should create manual triage task when TRIAGE_TYPE is MANUAL"},{"ancestorTitles":["ProcessAlertService","processIncomingAlert","Manual triage flow"],"duration":7,"failureDetails":[],"failureMessages":[],"fullName":"ProcessAlertService processIncomingAlert Manual triage flow should create manual triage task when TRIAGE_TYPE is manual","invocations":1,"location":null,"numPassingAsserts":4,"retryReasons":[],"status":"passed","title":"should create manual triage task when TRIAGE_TYPE is manual"},{"ancestorTitles":["ProcessAlertService","processIncomingAlert","Disabled triage flow"],"duration":5,"failureDetails":[],"failureMessages":[],"fullName":"ProcessAlertService processIncomingAlert Disabled triage flow should create investigation task when TRIAGE_TYPE is DISABLED","invocations":1,"location":null,"numPassingAsserts":3,"retryReasons":[],"status":"passed","title":"should create investigation task when TRIAGE_TYPE is DISABLED"},{"ancestorTitles":["ProcessAlertService","processIncomingAlert","Disabled triage flow"],"duration":6,"failureDetails":[],"failureMessages":[],"fullName":"ProcessAlertService processIncomingAlert Disabled triage flow should create investigation task when TRIAGE_TYPE is disabled","invocations":1,"location":null,"numPassingAsserts":3,"retryReasons":[],"status":"passed","title":"should create investigation task when TRIAGE_TYPE is disabled"},{"ancestorTitles":["ProcessAlertService","processIncomingAlert","Disabled triage flow"],"duration":5,"failureDetails":[],"failureMessages":[],"fullName":"ProcessAlertService processIncomingAlert Disabled triage flow should create investigation task when TRIAGE_TYPE is UNKNOWN_TYPE","invocations":1,"location":null,"numPassingAsserts":3,"retryReasons":[],"status":"passed","title":"should create investigation task when TRIAGE_TYPE is UNKNOWN_TYPE"},{"ancestorTitles":["ProcessAlertService","processIncomingAlert","Disabled triage flow"],"duration":4,"failureDetails":[],"failureMessages":[],"fullName":"ProcessAlertService processIncomingAlert Disabled triage flow should create investigation task when TRIAGE_TYPE is ","invocations":1,"location":null,"numPassingAsserts":3,"retryReasons":[],"status":"passed","title":"should create investigation task when TRIAGE_TYPE is "},{"ancestorTitles":["ProcessAlertService","processIncomingAlert","Alert service integration"],"duration":3,"failureDetails":[],"failureMessages":[],"fullName":"ProcessAlertService processIncomingAlert Alert service integration should pass correct parameters to alertService","invocations":1,"location":null,"numPassingAsserts":1,"retryReasons":[],"status":"passed","title":"should pass correct parameters to alertService"},{"ancestorTitles":["ProcessAlertService","processIncomingAlert","Logger integration"],"duration":3,"failureDetails":[],"failureMessages":[],"fullName":"ProcessAlertService processIncomingAlert Logger integration should log at the start of processing in all scenarios","invocations":1,"location":null,"numPassingAsserts":1,"retryReasons":[],"status":"passed","title":"should log at the start of processing in all scenarios"},{"ancestorTitles":["ProcessAlertService","processIncomingAlert","Error propagation"],"duration":58,"failureDetails":[],"failureMessages":[],"fullName":"ProcessAlertService processIncomingAlert Error propagation should propagate errors from alertService","invocations":1,"location":null,"numPassingAsserts":1,"retryReasons":[],"status":"passed","title":"should propagate errors from alertService"},{"ancestorTitles":["ProcessAlertService","processIncomingAlert","Error propagation"],"duration":4,"failureDetails":[],"failureMessages":[],"fullName":"ProcessAlertService processIncomingAlert Error propagation should propagate errors from triageService","invocations":1,"location":null,"numPassingAsserts":1,"retryReasons":[],"status":"passed","title":"should propagate errors from triageService"},{"ancestorTitles":["ProcessAlertService","processIncomingAlert","Error propagation"],"duration":9,"failureDetails":[],"failureMessages":[],"fullName":"ProcessAlertService processIncomingAlert Error propagation should propagate errors from taskService","invocations":1,"location":null,"numPassingAsserts":1,"retryReasons":[],"status":"passed","title":"should propagate errors from taskService"},{"ancestorTitles":["ProcessAlertService","processIncomingAlert","Error propagation"],"duration":4,"failureDetails":[],"failureMessages":[],"fullName":"ProcessAlertService processIncomingAlert Error propagation should propagate errors from caseCreationService","invocations":1,"location":null,"numPassingAsserts":1,"retryReasons":[],"status":"passed","title":"should propagate errors from caseCreationService"},{"ancestorTitles":["ProcessAlertService","processIncomingAlert","Edge cases"],"duration":4,"failureDetails":[],"failureMessages":[],"fullName":"ProcessAlertService processIncomingAlert Edge cases should handle alert with very large IDs","invocations":1,"location":null,"numPassingAsserts":1,"retryReasons":[],"status":"passed","title":"should handle alert with very large IDs"},{"ancestorTitles":["ProcessAlertService","processIncomingAlert","Edge cases"],"duration":3,"failureDetails":[],"failureMessages":[],"fullName":"ProcessAlertService processIncomingAlert Edge cases should handle different networkMap values","invocations":1,"location":null,"numPassingAsserts":1,"retryReasons":[],"status":"passed","title":"should handle different networkMap values"}],"endTime":1780316893009,"message":"","name":"C:\\Users\\IbadAhmedKhan\\Desktop\\case-management-system\\backend\\test\\process-alert.service.spec.ts","startTime":1780316838314,"status":"passed","summary":""},{"assertionResults":[{"ancestorTitles":["CaseService","suspendCase"],"duration":1092,"failureDetails":[],"failureMessages":[],"fullName":"CaseService suspendCase should successfully suspend a case as case owner","invocations":1,"location":null,"numPassingAsserts":4,"retryReasons":[],"status":"passed","title":"should successfully suspend a case as case owner"},{"ancestorTitles":["CaseService","suspendCase"],"duration":1028,"failureDetails":[],"failureMessages":[],"fullName":"CaseService suspendCase should allow supervisor to suspend any case","invocations":1,"location":null,"numPassingAsserts":1,"retryReasons":[],"status":"passed","title":"should allow supervisor to suspend any case"},{"ancestorTitles":["CaseService","suspendCase"],"duration":111,"failureDetails":[],"failureMessages":[],"fullName":"CaseService suspendCase should throw BadRequestException if case not found","invocations":1,"location":null,"numPassingAsserts":1,"retryReasons":[],"status":"passed","title":"should throw BadRequestException if case not found"},{"ancestorTitles":["CaseService","suspendCase"],"duration":8,"failureDetails":[],"failureMessages":[],"fullName":"CaseService suspendCase should throw BadRequestException if non-owner tries to suspend","invocations":1,"location":null,"numPassingAsserts":1,"retryReasons":[],"status":"passed","title":"should throw BadRequestException if non-owner tries to suspend"},{"ancestorTitles":["CaseService","suspendCase"],"duration":7,"failureDetails":[],"failureMessages":[],"fullName":"CaseService suspendCase should throw BadRequestException if reason is empty","invocations":1,"location":null,"numPassingAsserts":1,"retryReasons":[],"status":"passed","title":"should throw BadRequestException if reason is empty"},{"ancestorTitles":["CaseService","suspendCase"],"duration":6,"failureDetails":[],"failureMessages":[],"fullName":"CaseService suspendCase should throw BadRequestException if no matching tasks found","invocations":1,"location":null,"numPassingAsserts":1,"retryReasons":[],"status":"passed","title":"should throw BadRequestException if no matching tasks found"},{"ancestorTitles":["CaseService","suspendCase"],"duration":1006,"failureDetails":[],"failureMessages":[],"fullName":"CaseService suspendCase should suspend parent case if both subcases are suspended","invocations":1,"location":null,"numPassingAsserts":1,"retryReasons":[],"status":"passed","title":"should suspend parent case if both subcases are suspended"},{"ancestorTitles":["CaseService","suspendCase"],"duration":1015,"failureDetails":[],"failureMessages":[],"fullName":"CaseService suspendCase should send notification to assigned users when case is suspended","invocations":1,"location":null,"numPassingAsserts":2,"retryReasons":[],"status":"passed","title":"should send notification to assigned users when case is suspended"},{"ancestorTitles":["CaseService","suspendCase"],"duration":1020,"failureDetails":[],"failureMessages":[],"fullName":"CaseService suspendCase should handle notification failure gracefully","invocations":1,"location":null,"numPassingAsserts":2,"retryReasons":[],"status":"passed","title":"should handle notification failure gracefully"},{"ancestorTitles":["CaseService","resumeCase"],"duration":6,"failureDetails":[],"failureMessages":[],"fullName":"CaseService resumeCase should successfully resume a suspended case","invocations":1,"location":null,"numPassingAsserts":2,"retryReasons":[],"status":"passed","title":"should successfully resume a suspended case"},{"ancestorTitles":["CaseService","resumeCase"],"duration":4,"failureDetails":[],"failureMessages":[],"fullName":"CaseService resumeCase should throw BadRequestException if case not found","invocations":1,"location":null,"numPassingAsserts":1,"retryReasons":[],"status":"passed","title":"should throw BadRequestException if case not found"},{"ancestorTitles":["CaseService","resumeCase"],"duration":34,"failureDetails":[],"failureMessages":[],"fullName":"CaseService resumeCase should throw BadRequestException if reason is empty","invocations":1,"location":null,"numPassingAsserts":1,"retryReasons":[],"status":"passed","title":"should throw BadRequestException if reason is empty"},{"ancestorTitles":["CaseService","resumeCase"],"duration":4,"failureDetails":[],"failureMessages":[],"fullName":"CaseService resumeCase should resume parent case if at least one subcase is resumed","invocations":1,"location":null,"numPassingAsserts":1,"retryReasons":[],"status":"passed","title":"should resume parent case if at least one subcase is resumed"},{"ancestorTitles":["CaseService","resumeCase"],"duration":5,"failureDetails":[],"failureMessages":[],"fullName":"CaseService resumeCase should send notification to assigned users when case is resumed","invocations":1,"location":null,"numPassingAsserts":2,"retryReasons":[],"status":"passed","title":"should send notification to assigned users when case is resumed"},{"ancestorTitles":["CaseService","resumeCase"],"duration":3,"failureDetails":[],"failureMessages":[],"fullName":"CaseService resumeCase should handle notification failure gracefully in resumeCase","invocations":1,"location":null,"numPassingAsserts":2,"retryReasons":[],"status":"passed","title":"should handle notification failure gracefully in resumeCase"},{"ancestorTitles":["CaseService","abandonCase"],"duration":4,"failureDetails":[],"failureMessages":[],"fullName":"CaseService abandonCase should successfully abandon a case","invocations":1,"location":null,"numPassingAsserts":3,"retryReasons":[],"status":"passed","title":"should successfully abandon a case"},{"ancestorTitles":["CaseService","abandonCase"],"duration":3,"failureDetails":[],"failureMessages":[],"fullName":"CaseService abandonCase should throw BadRequestException if case not found","invocations":1,"location":null,"numPassingAsserts":1,"retryReasons":[],"status":"passed","title":"should throw BadRequestException if case not found"},{"ancestorTitles":["CaseService","abandonCase"],"duration":4,"failureDetails":[],"failureMessages":[],"fullName":"CaseService abandonCase should throw BadRequestException if reason is empty","invocations":1,"location":null,"numPassingAsserts":1,"retryReasons":[],"status":"passed","title":"should throw BadRequestException if reason is empty"},{"ancestorTitles":["CaseService","delegation methods"],"duration":3,"failureDetails":[],"failureMessages":[],"fullName":"CaseService delegation methods should delegate saveCaseAsDraft to caseCreationApprovalService","invocations":1,"location":null,"numPassingAsserts":1,"retryReasons":[],"status":"passed","title":"should delegate saveCaseAsDraft to caseCreationApprovalService"},{"ancestorTitles":["CaseService","delegation methods"],"duration":3,"failureDetails":[],"failureMessages":[],"fullName":"CaseService delegation methods should delegate reopenCase to caseReopeningService","invocations":1,"location":null,"numPassingAsserts":1,"retryReasons":[],"status":"passed","title":"should delegate reopenCase to caseReopeningService"},{"ancestorTitles":["CaseService","delegation methods"],"duration":4,"failureDetails":[],"failureMessages":[],"fullName":"CaseService delegation methods should delegate approveCaseReopening to caseReopeningService","invocations":1,"location":null,"numPassingAsserts":1,"retryReasons":[],"status":"passed","title":"should delegate approveCaseReopening to caseReopeningService"},{"ancestorTitles":["CaseService","delegation methods"],"duration":3,"failureDetails":[],"failureMessages":[],"fullName":"CaseService delegation methods should delegate rejectCaseReopening to caseReopeningService","invocations":1,"location":null,"numPassingAsserts":1,"retryReasons":[],"status":"passed","title":"should delegate rejectCaseReopening to caseReopeningService"},{"ancestorTitles":["CaseService","delegation methods"],"duration":4,"failureDetails":[],"failureMessages":[],"fullName":"CaseService delegation methods should delegate closeCase to caseClosureApprovalService","invocations":1,"location":null,"numPassingAsserts":1,"retryReasons":[],"status":"passed","title":"should delegate closeCase to caseClosureApprovalService"},{"ancestorTitles":["CaseService","delegation methods"],"duration":4,"failureDetails":[],"failureMessages":[],"fullName":"CaseService delegation methods should delegate approveCaseClosure to caseClosureApprovalService","invocations":1,"location":null,"numPassingAsserts":1,"retryReasons":[],"status":"passed","title":"should delegate approveCaseClosure to caseClosureApprovalService"},{"ancestorTitles":["CaseService","delegation methods"],"duration":4,"failureDetails":[],"failureMessages":[],"fullName":"CaseService delegation methods should delegate rejectCaseClosure to caseClosureApprovalService","invocations":1,"location":null,"numPassingAsserts":1,"retryReasons":[],"status":"passed","title":"should delegate rejectCaseClosure to caseClosureApprovalService"},{"ancestorTitles":["CaseService","delegation methods"],"duration":11,"failureDetails":[],"failureMessages":[],"fullName":"CaseService delegation methods should delegate returnCaseForReview to caseClosureApprovalService","invocations":1,"location":null,"numPassingAsserts":1,"retryReasons":[],"status":"passed","title":"should delegate returnCaseForReview to caseClosureApprovalService"},{"ancestorTitles":["CaseService","delegation methods"],"duration":3,"failureDetails":[],"failureMessages":[],"fullName":"CaseService delegation methods should delegate approveCaseCreation to caseCreationApprovalService","invocations":1,"location":null,"numPassingAsserts":1,"retryReasons":[],"status":"passed","title":"should delegate approveCaseCreation to caseCreationApprovalService"},{"ancestorTitles":["CaseService","delegation methods"],"duration":2,"failureDetails":[],"failureMessages":[],"fullName":"CaseService delegation methods should delegate rejectCaseCreation to caseCreationApprovalService","invocations":1,"location":null,"numPassingAsserts":1,"retryReasons":[],"status":"passed","title":"should delegate rejectCaseCreation to caseCreationApprovalService"},{"ancestorTitles":["CaseService","delegation methods"],"duration":3,"failureDetails":[],"failureMessages":[],"fullName":"CaseService delegation methods should delegate completeCase to caseCreationApprovalService","invocations":1,"location":null,"numPassingAsserts":1,"retryReasons":[],"status":"passed","title":"should delegate completeCase to caseCreationApprovalService"},{"ancestorTitles":["CaseService","delegation methods"],"duration":3,"failureDetails":[],"failureMessages":[],"fullName":"CaseService delegation methods should delegate getAllCases to caseQueryService","invocations":1,"location":null,"numPassingAsserts":1,"retryReasons":[],"status":"passed","title":"should delegate getAllCases to caseQueryService"},{"ancestorTitles":["CaseService","delegation methods"],"duration":3,"failureDetails":[],"failureMessages":[],"fullName":"CaseService delegation methods should delegate getUserCases to caseQueryService","invocations":1,"location":null,"numPassingAsserts":1,"retryReasons":[],"status":"passed","title":"should delegate getUserCases to caseQueryService"},{"ancestorTitles":["CaseService","delegation methods"],"duration":3,"failureDetails":[],"failureMessages":[],"fullName":"CaseService delegation methods should delegate getUserWorkloadStats to caseQueryService","invocations":1,"location":null,"numPassingAsserts":1,"retryReasons":[],"status":"passed","title":"should delegate getUserWorkloadStats to caseQueryService"},{"ancestorTitles":["CaseService","delegation methods"],"duration":3,"failureDetails":[],"failureMessages":[],"fullName":"CaseService delegation methods should delegate updateCase to caseQueryService","invocations":1,"location":null,"numPassingAsserts":1,"retryReasons":[],"status":"passed","title":"should delegate updateCase to caseQueryService"},{"ancestorTitles":["CaseService","delegation methods"],"duration":2,"failureDetails":[],"failureMessages":[],"fullName":"CaseService delegation methods should delegate retrieveCase to caseQueryService","invocations":1,"location":null,"numPassingAsserts":1,"retryReasons":[],"status":"passed","title":"should delegate retrieveCase to caseQueryService"},{"ancestorTitles":["CaseService","delegation methods"],"duration":3,"failureDetails":[],"failureMessages":[],"fullName":"CaseService delegation methods should delegate getSubCasesDetails to caseQueryService","invocations":1,"location":null,"numPassingAsserts":1,"retryReasons":[],"status":"passed","title":"should delegate getSubCasesDetails to caseQueryService"},{"ancestorTitles":["CaseService","completeCaseCreation"],"duration":5,"failureDetails":[],"failureMessages":[],"fullName":"CaseService completeCaseCreation should complete case creation by investigator with approval required","invocations":1,"location":null,"numPassingAsserts":3,"retryReasons":[],"status":"passed","title":"should complete case creation by investigator with approval required"},{"ancestorTitles":["CaseService","completeCaseCreation"],"duration":3,"failureDetails":[],"failureMessages":[],"fullName":"CaseService completeCaseCreation should complete case creation by supervisor without approval","invocations":1,"location":null,"numPassingAsserts":3,"retryReasons":[],"status":"passed","title":"should complete case creation by supervisor without approval"},{"ancestorTitles":["CaseService","completeCaseCreation"],"duration":3,"failureDetails":[],"failureMessages":[],"fullName":"CaseService completeCaseCreation should handle FRAUD_AND_AML case type for supervisor","invocations":1,"location":null,"numPassingAsserts":3,"retryReasons":[],"status":"passed","title":"should handle FRAUD_AND_AML case type for supervisor"},{"ancestorTitles":["CaseService","completeCaseCreation"],"duration":3,"failureDetails":[],"failureMessages":[],"fullName":"CaseService completeCaseCreation should throw BadRequestException if case not found","invocations":1,"location":null,"numPassingAsserts":1,"retryReasons":[],"status":"passed","title":"should throw BadRequestException if case not found"},{"ancestorTitles":["CaseService","completeCaseCreation"],"duration":3,"failureDetails":[],"failureMessages":[],"fullName":"CaseService completeCaseCreation should throw BadRequestException if case is not in DRAFT status","invocations":1,"location":null,"numPassingAsserts":1,"retryReasons":[],"status":"passed","title":"should throw BadRequestException if case is not in DRAFT status"},{"ancestorTitles":["CaseService","completeCaseCreation"],"duration":3,"failureDetails":[],"failureMessages":[],"fullName":"CaseService completeCaseCreation should throw BadRequestException if missing required fields","invocations":1,"location":null,"numPassingAsserts":1,"retryReasons":[],"status":"passed","title":"should throw BadRequestException if missing required fields"},{"ancestorTitles":["CaseService","completeCaseCreation"],"duration":5,"failureDetails":[],"failureMessages":[],"fullName":"CaseService completeCaseCreation should throw InternalServerErrorException if Complete New Case task not found","invocations":1,"location":null,"numPassingAsserts":1,"retryReasons":[],"status":"passed","title":"should throw InternalServerErrorException if Complete New Case task not found"},{"ancestorTitles":["CaseService","completeCaseCreation"],"duration":3,"failureDetails":[],"failureMessages":[],"fullName":"CaseService completeCaseCreation should throw InternalServerErrorException if Complete New Case task already completed","invocations":1,"location":null,"numPassingAsserts":1,"retryReasons":[],"status":"passed","title":"should throw InternalServerErrorException if Complete New Case task already completed"},{"ancestorTitles":["CaseService","completeCaseCreation"],"duration":3,"failureDetails":[],"failureMessages":[],"fullName":"CaseService completeCaseCreation should update alert if exists","invocations":1,"location":null,"numPassingAsserts":1,"retryReasons":[],"status":"passed","title":"should update alert if exists"},{"ancestorTitles":["CaseService","completeCaseCreation"],"duration":6,"failureDetails":[],"failureMessages":[],"fullName":"CaseService completeCaseCreation should throw InternalServerErrorException on transaction failure","invocations":1,"location":null,"numPassingAsserts":1,"retryReasons":[],"status":"passed","title":"should throw InternalServerErrorException on transaction failure"}],"endTime":1780316896814,"message":"","name":"C:\\Users\\IbadAhmedKhan\\Desktop\\case-management-system\\backend\\test\\case.service.spec.ts","startTime":1780316838342,"status":"passed","summary":""},{"assertionResults":[{"ancestorTitles":["TriageService","handleManualTriage"],"duration":238,"failureDetails":[],"failureMessages":[],"fullName":"TriageService handleManualTriage should throw BadRequestException when TRIAGE_TYPE is not MANUAL","invocations":1,"location":null,"numPassingAsserts":1,"retryReasons":[],"status":"passed","title":"should throw BadRequestException when TRIAGE_TYPE is not MANUAL"},{"ancestorTitles":["TriageService","handleManualTriage"],"duration":13,"failureDetails":[],"failureMessages":[],"fullName":"TriageService handleManualTriage should throw BadRequestException when triage is already complete","invocations":1,"location":null,"numPassingAsserts":1,"retryReasons":[],"status":"passed","title":"should throw BadRequestException when triage is already complete"},{"ancestorTitles":["TriageService","handleManualTriage"],"duration":8,"failureDetails":[],"failureMessages":[],"fullName":"TriageService handleManualTriage should throw InternalServerErrorException when alert case_id is missing","invocations":1,"location":null,"numPassingAsserts":1,"retryReasons":[],"status":"passed","title":"should throw InternalServerErrorException when alert case_id is missing"},{"ancestorTitles":["TriageService","handleManualTriage"],"duration":8,"failureDetails":[],"failureMessages":[],"fullName":"TriageService handleManualTriage should throw BadRequestException when case is already closed","invocations":1,"location":null,"numPassingAsserts":1,"retryReasons":[],"status":"passed","title":"should throw BadRequestException when case is already closed"},{"ancestorTitles":["TriageService","handleManualTriage"],"duration":10,"failureDetails":[],"failureMessages":[],"fullName":"TriageService handleManualTriage should successfully handle manual triage with closable status","invocations":1,"location":null,"numPassingAsserts":3,"retryReasons":[],"status":"passed","title":"should successfully handle manual triage with closable status"},{"ancestorTitles":["TriageService","handleManualTriage"],"duration":5,"failureDetails":[],"failureMessages":[],"fullName":"TriageService handleManualTriage should successfully handle manual triage without closable status","invocations":1,"location":null,"numPassingAsserts":2,"retryReasons":[],"status":"passed","title":"should successfully handle manual triage without closable status"},{"ancestorTitles":["TriageService","handleManualTriage"],"duration":8,"failureDetails":[],"failureMessages":[],"fullName":"TriageService handleManualTriage should handle FRAUD_AND_AML type by creating child cases","invocations":1,"location":null,"numPassingAsserts":4,"retryReasons":[],"status":"passed","title":"should handle FRAUD_AND_AML type by creating child cases"},{"ancestorTitles":["TriageService","handleManualTriage"],"duration":8,"failureDetails":[],"failureMessages":[],"fullName":"TriageService handleManualTriage should log error and rethrow on failure","invocations":1,"location":null,"numPassingAsserts":2,"retryReasons":[],"status":"passed","title":"should log error and rethrow on failure"},{"ancestorTitles":["TriageService","handleAITriage"],"duration":12,"failureDetails":[],"failureMessages":[],"fullName":"TriageService handleAITriage should create investigation task when confidence is below threshold","invocations":1,"location":null,"numPassingAsserts":4,"retryReasons":[],"status":"passed","title":"should create investigation task when confidence is below threshold"},{"ancestorTitles":["TriageService","handleAITriage"],"duration":9,"failureDetails":[],"failureMessages":[],"fullName":"TriageService handleAITriage should auto-close case when confidence is high and predicted false positive","invocations":1,"location":null,"numPassingAsserts":6,"retryReasons":[],"status":"passed","title":"should auto-close case when confidence is high and predicted false positive"},{"ancestorTitles":["TriageService","handleAITriage"],"duration":9,"failureDetails":[],"failureMessages":[],"fullName":"TriageService handleAITriage should handle FRAUD_AND_AML type when true positive","invocations":1,"location":null,"numPassingAsserts":3,"retryReasons":[],"status":"passed","title":"should handle FRAUD_AND_AML type when true positive"},{"ancestorTitles":["TriageService","handleAITriage"],"duration":5,"failureDetails":[],"failureMessages":[],"fullName":"TriageService handleAITriage should create investigation task for AML type when true positive","invocations":1,"location":null,"numPassingAsserts":2,"retryReasons":[],"status":"passed","title":"should create investigation task for AML type when true positive"},{"ancestorTitles":["TriageService","handleAITriage"],"duration":7,"failureDetails":[],"failureMessages":[],"fullName":"TriageService handleAITriage should auto-close FRAUD case when no transaction occurred","invocations":1,"location":null,"numPassingAsserts":4,"retryReasons":[],"status":"passed","title":"should auto-close FRAUD case when no transaction occurred"},{"ancestorTitles":["TriageService","handleAITriage"],"duration":12,"failureDetails":[],"failureMessages":[],"fullName":"TriageService handleAITriage should create investigation task for FRAUD when transaction occurred","invocations":1,"location":null,"numPassingAsserts":2,"retryReasons":[],"status":"passed","title":"should create investigation task for FRAUD when transaction occurred"},{"ancestorTitles":["TriageService","handleAITriage"],"duration":9,"failureDetails":[],"failureMessages":[],"fullName":"TriageService handleAITriage should throw InternalServerErrorException on failure","invocations":1,"location":null,"numPassingAsserts":2,"retryReasons":[],"status":"passed","title":"should throw InternalServerErrorException on failure"},{"ancestorTitles":["TriageService","createInvestigationTask"],"duration":6,"failureDetails":[],"failureMessages":[],"fullName":"TriageService createInvestigationTask should successfully create investigation task","invocations":1,"location":null,"numPassingAsserts":3,"retryReasons":[],"status":"passed","title":"should successfully create investigation task"},{"ancestorTitles":["TriageService","createInvestigationTask"],"duration":8,"failureDetails":[],"failureMessages":[],"fullName":"TriageService createInvestigationTask should throw NotFoundException when case not found","invocations":1,"location":null,"numPassingAsserts":1,"retryReasons":[],"status":"passed","title":"should throw NotFoundException when case not found"},{"ancestorTitles":["TriageService","createInvestigationTask"],"duration":7,"failureDetails":[],"failureMessages":[],"fullName":"TriageService createInvestigationTask should throw InternalServerErrorException on failure","invocations":1,"location":null,"numPassingAsserts":2,"retryReasons":[],"status":"passed","title":"should throw InternalServerErrorException on failure"},{"ancestorTitles":["TriageService","private methods","predictAlert"],"duration":6,"failureDetails":[],"failureMessages":[],"fullName":"TriageService private methods predictAlert should successfully predict alert","invocations":1,"location":null,"numPassingAsserts":2,"retryReasons":[],"status":"passed","title":"should successfully predict alert"},{"ancestorTitles":["TriageService","private methods","updateAlertAndUpdateTriageTask"],"duration":5,"failureDetails":[],"failureMessages":[],"fullName":"TriageService private method
[...]
"},{"ancestorTitles":["AlertsLakehouseService","getAlertHistorySummary"],"duration":5,"failureDetails":[],"failureMessages":[],"fullName":"AlertsLakehouseService getAlertHistorySummary returns summary with data","invocations":1,"location":null,"numPassingAsserts":1,"retryReasons":[],"status":"passed","title":"returns summary with data"},{"ancestorTitles":["AlertsLakehouseService","getAlertHistorySummary"],"duration":6,"failureDetails":[],"failureMessages":[],"fullName":"AlertsLakehouseService getAlertHistorySummary returns zeros on empty row","invocations":1,"location":null,"numPassingAsserts":1,"retryReasons":[],"status":"passed","title":"returns zeros on empty row"},{"ancestorTitles":["AlertsLakehouseService","getAlertHistorySummary"],"duration":3,"failureDetails":[],"failureMessages":[],"fullName":"AlertsLakehouseService getAlertHistorySummary handles 90days date range","invocations":1,"location":null,"numPassingAsserts":1,"retryReasons":[],"status":"passed","title":"handles 90days date range"},{"ancestorTitles":["AlertsLakehouseService","getAlertHistorySummary"],"duration":3,"failureDetails":[],"failureMessages":[],"fullName":"AlertsLakehouseService getAlertHistorySummary handles 6months date range","invocations":1,"location":null,"numPassingAsserts":1,"retryReasons":[],"status":"passed","title":"handles 6months date range"},{"ancestorTitles":["AlertsLakehouseService","getAlertHistorySummary"],"duration":2,"failureDetails":[],"failureMessages":[],"fullName":"AlertsLakehouseService getAlertHistorySummary handles 1year date range","invocations":1,"location":null,"numPassingAsserts":1,"retryReasons":[],"status":"passed","title":"handles 1year date range"},{"ancestorTitles":["AlertsLakehouseService","getAlertHistorySummary"],"duration":3,"failureDetails":[],"failureMessages":[],"fullName":"AlertsLakehouseService getAlertHistorySummary handles unknown date range gracefully","invocations":1,"location":null,"numPassingAsserts":1,"retryReasons":[],"status":"passed","title":"handles unknown date range gracefully"},{"ancestorTitles":["AlertsLakehouseService","getAlertHistorySummary"],"duration":12,"failureDetails":[],"failureMessages":[],"fullName":"AlertsLakehouseService getAlertHistorySummary throws on error","invocations":1,"location":null,"numPassingAsserts":1,"retryReasons":[],"status":"passed","title":"throws on error"},{"ancestorTitles":["AlertsLakehouseService","getAlertHistoryTimeline"],"duration":6,"failureDetails":[],"failureMessages":[],"fullName":"AlertsLakehouseService getAlertHistoryTimeline returns timeline","invocations":1,"location":null,"numPassingAsserts":2,"retryReasons":[],"status":"passed","title":"returns timeline"},{"ancestorTitles":["AlertsLakehouseService","getAlertHistoryTimeline"],"duration":2,"failureDetails":[],"failureMessages":[],"fullName":"AlertsLakehouseService getAlertHistoryTimeline returns empty arrays on empty data","invocations":1,"location":null,"numPassingAsserts":1,"retryReasons":[],"status":"passed","title":"returns empty arrays on empty data"},{"ancestorTitles":["AlertsLakehouseService","getAlertHistoryTimeline"],"duration":3,"failureDetails":[],"failureMessages":[],"fullName":"AlertsLakehouseService getAlertHistoryTimeline handles date range branches","invocations":1,"location":null,"numPassingAsserts":1,"retryReasons":[],"status":"passed","title":"handles date range branches"},{"ancestorTitles":["AlertsLakehouseService","getAlertHistoryTimeline"],"duration":5,"failureDetails":[],"failureMessages":[],"fullName":"AlertsLakehouseService getAlertHistoryTimeline throws on error","invocations":1,"location":null,"numPassingAsserts":1,"retryReasons":[],"status":"passed","title":"throws on error"},{"ancestorTitles":["AlertsLakehouseService","getAlertHistoryAlerts"],"duration":4,"failureDetails":[],"failureMessages":[],"fullName":"AlertsLakehouseService getAlertHistoryAlerts returns alerts with Investigating outcome","invocations":1,"location":null,"numPassingAsserts":2,"retryReasons":[],"status":"passed","title":"returns alerts with Investigating outcome"},{"ancestorTitles":["AlertsLakehouseService","getAlertHistoryAlerts"],"duration":6,"failureDetails":[],"failureMessages":[],"fullName":"AlertsLakehouseService getAlertHistoryAlerts maps Closed outcome for COMPLETED status","invocations":1,"location":null,"numPassingAsserts":1,"retryReasons":[],"status":"passed","title":"maps Closed outcome for COMPLETED status"},{"ancestorTitles":["AlertsLakehouseService","getAlertHistoryAlerts"],"duration":4,"failureDetails":[],"failureMessages":[],"fullName":"AlertsLakehouseService getAlertHistoryAlerts maps Draft outcome","invocations":1,"location":null,"numPassingAsserts":1,"retryReasons":[],"status":"passed","title":"maps Draft outcome"},{"ancestorTitles":["AlertsLakehouseService","getAlertHistoryAlerts"],"duration":2,"failureDetails":[],"failureMessages":[],"fullName":"AlertsLakehouseService getAlertHistoryAlerts maps Pending outcome for no case_status","invocations":1,"location":null,"numPassingAsserts":1,"retryReasons":[],"status":"passed","title":"maps Pending outcome for no case_status"},{"ancestorTitles":["AlertsLakehouseService","getAlertHistoryAlerts"],"duration":3,"failureDetails":[],"failureMessages":[],"fullName":"AlertsLakehouseService getAlertHistoryAlerts handles date range branches","invocations":1,"location":null,"numPassingAsserts":1,"retryReasons":[],"status":"passed","title":"handles date range branches"},{"ancestorTitles":["AlertsLakehouseService","getAlertHistoryAlerts"],"duration":4,"failureDetails":[],"failureMessages":[],"fullName":"AlertsLakehouseService getAlertHistoryAlerts throws on error","invocations":1,"location":null,"numPassingAsserts":1,"retryReasons":[],"status":"passed","title":"throws on error"}],"endTime":1780316928216,"message":"","name":"C:\\Users\\IbadAhmedKhan\\Desktop\\case-management-system\\backend\\test\\alerts-lakehouse.service.spec.ts","startTime":1780316921606,"status":"passed","summary":""},{"assertionResults":[{"ancestorTitles":["CacheService","initializeUserCache"],"duration":12,"failureDetails":[],"failureMessages":[],"fullName":"CacheService initializeUserCache should initialize cache with users from all roles","invocations":1,"location":null,"numPassingAsserts":4,"retryReasons":[],"status":"passed","title":"should initialize cache with users from all roles"},{"ancestorTitles":["CacheService","initializeUserCache"],"duration":3,"failureDetails":[],"failureMessages":[],"fullName":"CacheService initializeUserCache should set cache TTL to 720 hours (30 days)","invocations":1,"location":null,"numPassingAsserts":1,"retryReasons":[],"status":"passed","title":"should set cache TTL to 720 hours (30 days)"},{"ancestorTitles":["CacheService","initializeUserCache"],"duration":3,"failureDetails":[],"failureMessages":[],"fullName":"CacheService initializeUserCache should create correct cache keys with prefix","invocations":1,"location":null,"numPassingAsserts":1,"retryReasons":[],"status":"passed","title":"should create correct cache keys with prefix"},{"ancestorTitles":["CacheService","initializeUserCache"],"duration":3,"failureDetails":[],"failureMessages":[],"fullName":"CacheService initializeUserCache should trim user full names correctly","invocations":1,"location":null,"numPassingAsserts":1,"retryReasons":[],"status":"passed","title":"should trim user full names correctly"},{"ancestorTitles":["CacheService","initializeUserCache"],"duration":4,"failureDetails":[],"failureMessages":[],"fullName":"CacheService initializeUserCache should cache multiple users from different roles","invocations":1,"location":null,"numPassingAsserts":4,"retryReasons":[],"status":"passed","title":"should cache multiple users from different roles"},{"ancestorTitles":["CacheService","initializeUserCache"],"duration":3,"failureDetails":[],"failureMessages":[],"fullName":"CacheService initializeUserCache should skip initialization when Redis is not connected at max retries","invocations":1,"location":null,"numPassingAsserts":2,"retryReasons":[],"status":"passed","title":"should skip initialization when Redis is not connected at max retries"},{"ancestorTitles":["CacheService","initializeUserCache"],"duration":6,"failureDetails":[],"failureMessages":[],"fullName":"CacheService initializeUserCache should retry when Redis is not connected","invocations":1,"location":null,"numPassingAsserts":1,"retryReasons":[],"status":"passed","title":"should retry when Redis is not connected"},{"ancestorTitles":["CacheService","initializeUserCache"],"duration":3,"failureDetails":[],"failureMessages":[],"fullName":"CacheService initializeUserCache should log error when fetching users for a role fails","invocations":1,"location":null,"numPassingAsserts":2,"retryReasons":[],"status":"passed","title":"should log error when fetching users for a role fails"},{"ancestorTitles":["CacheService","initializeUserCache"],"duration":3,"failureDetails":[],"failureMessages":[],"fullName":"CacheService initializeUserCache should warn when no users are fetched","invocations":1,"location":null,"numPassingAsserts":2,"retryReasons":[],"status":"passed","title":"should warn when no users are fetched"},{"ancestorTitles":["CacheService","initializeUserCache"],"duration":12,"failureDetails":[],"failureMessages":[],"fullName":"CacheService initializeUserCache should log initialization message","invocations":1,"location":null,"numPassingAsserts":1,"retryReasons":[],"status":"passed","title":"should log initialization message"},{"ancestorTitles":["CacheService","initializeUserCache"],"duration":3,"failureDetails":[],"failureMessages":[],"fullName":"CacheService initializeUserCache should handle errors during login gracefully","invocations":1,"location":null,"numPassingAsserts":1,"retryReasons":[],"status":"passed","title":"should handle errors during login gracefully"},{"ancestorTitles":["CacheService","getUsersByRole"],"duration":2,"failureDetails":[],"failureMessages":[],"fullName":"CacheService getUsersByRole should fetch users by role from auth API","invocations":1,"location":null,"numPassingAsserts":2,"retryReasons":[],"status":"passed","title":"should fetch users by role from auth API"},{"ancestorTitles":["CacheService","getUsersByRole"],"duration":2,"failureDetails":[],"failureMessages":[],"fullName":"CacheService getUsersByRole should include authorization header with token","invocations":1,"location":null,"numPassingAsserts":1,"retryReasons":[],"status":"passed","title":"should include authorization header with token"},{"ancestorTitles":["CacheService","getUsersByRole"],"duration":2,"failureDetails":[],"failureMessages":[],"fullName":"CacheService getUsersByRole should log the role being fetched","invocations":1,"location":null,"numPassingAsserts":1,"retryReasons":[],"status":"passed","title":"should log the role being fetched"},{"ancestorTitles":["CacheService","getUsersByRole"],"duration":34,"failureDetails":[],"failureMessages":[],"fullName":"CacheService getUsersByRole should handle API errors","invocations":1,"location":null,"numPassingAsserts":1,"retryReasons":[],"status":"passed","title":"should handle API errors"},{"ancestorTitles":["CacheService","getUsersByRole"],"duration":7,"failureDetails":[],"failureMessages":[],"fullName":"CacheService getUsersByRole should use configured TAZAMA_AUTH_URL","invocations":1,"location":null,"numPassingAsserts":1,"retryReasons":[],"status":"passed","title":"should use configured TAZAMA_AUTH_URL"},{"ancestorTitles":["CacheService","getUserFromCache"],"duration":4,"failureDetails":[],"failureMessages":[],"fullName":"CacheService getUserFromCache should return user details from cache when found","invocations":1,"location":null,"numPassingAsserts":3,"retryReasons":[],"status":"passed","title":"should return user details from cache when found"},{"ancestorTitles":["CacheService","getUserFromCache"],"duration":3,"failureDetails":[],"failureMessages":[],"fullName":"CacheService getUserFromCache should return null when user not found in cache","invocations":1,"location":null,"numPassingAsserts":2,"retryReasons":[],"status":"passed","title":"should return null when user not found in cache"},{"ancestorTitles":["CacheService","getUserFromCache"],"duration":3,"failureDetails":[],"failureMessages":[],"fullName":"CacheService getUserFromCache should return null when Redis is not connected","invocations":1,"location":null,"numPassingAsserts":3,"retryReasons":[],"status":"passed","title":"should return null when Redis is not connected"},{"ancestorTitles":["CacheService","getUserFromCache"],"duration":4,"failureDetails":[],"failureMessages":[],"fullName":"CacheService getUserFromCache should throw error and log warning when cache lookup fails","invocations":1,"location":null,"numPassingAsserts":2,"retryReasons":[],"status":"passed","title":"should throw error and log warning when cache lookup fails"},{"ancestorTitles":["CacheService","getUserEmailFromCache"],"duration":4,"failureDetails":[],"failureMessages":[],"fullName":"CacheService getUserEmailFromCache should return user email when user found in cache","invocations":1,"location":null,"numPassingAsserts":1,"retryReasons":[],"status":"passed","title":"should return user email when user found in cache"},{"ancestorTitles":["CacheService","getUserEmailFromCache"],"duration":3,"failureDetails":[],"failureMessages":[],"fullName":"CacheService getUserEmailFromCache should return null when user not found in cache","invocations":1,"location":null,"numPassingAsserts":1,"retryReasons":[],"status":"passed","title":"should return null when user not found in cache"},{"ancestorTitles":["CacheService","getUserEmailFromCache"],"duration":3,"failureDetails":[],"failureMessages":[],"fullName":"CacheService getUserEmailFromCache should return null when Redis is not connected","invocations":1,"location":null,"numPassingAsserts":1,"retryReasons":[],"status":"passed","title":"should return null when Redis is not connected"},{"ancestorTitles":["CacheService","getUserEmailFromCache"],"duration":3,"failureDetails":[],"failureMessages":[],"fullName":"CacheService getUserEmailFromCache should return empty string when email is empty string","invocations":1,"location":null,"numPassingAsserts":1,"retryReasons":[],"status":"passed","title":"should return empty string when email is empty string"},{"ancestorTitles":["CacheService","getUserEmailFromCache"],"duration":3,"failureDetails":[],"failureMessages":[],"fullName":"CacheService getUserEmailFromCache should return null when email is undefined","invocations":1,"location":null,"numPassingAsserts":1,"retryReasons":[],"status":"passed","title":"should return null when email is undefined"},{"ancestorTitles":["CacheService","getUserEmailFromCache"],"duration":3,"failureDetails":[],"failureMessages":[],"fullName":"CacheService getUserEmailFromCache should return null when email is null","invocations":1,"location":null,"numPassingAsserts":1,"retryReasons":[],"status":"passed","title":"should return null when email is null"},{"ancestorTitles":["CacheService","Integration scenarios"],"duration":3,"failureDetails":[],"failureMessages":[],"fullName":"CacheService Integration scenarios should handle complete initialization flow with multiple users","invocations":1,"location":null,"numPassingAsserts":2,"retryReasons":[],"status":"passed","title":"should handle complete initialization flow with multiple users"},{"ancestorTitles":["CacheService","Integration scenarios"],"duration":3,"failureDetails":[],"failureMessages":[],"fullName":"CacheService Integration scenarios should cache users with correct structure","invocations":1,"location":null,"numPassingAsserts":1,"retryReasons":[],"status":"passed","title":"should cache users with correct structure"},{"ancestorTitles":["CacheService","Integration scenarios"],"duration":3,"failureDetails":[],"failureMessages":[],"fullName":"CacheService Integration scenarios should handle partial success when some role fetches fail","invocations":1,"location":null,"numPassingAsserts":2,"retryReasons":[],"status":"passed","title":"should handle partial success when some role fetches fail"}],"endTime":1780316928534,"message":"","name":"C:\\Users\\IbadAhmedKhan\\Desktop\\case-management-system\\backend\\test\\cache.service.spec.ts","startTime":1780316921563,"status":"passed","summary":""},{"assertionResults":[{"ancestorTitles":["UserService","constructor"],"duration":8,"failureDetails":[],"failureMessages":[],"fullName":"UserService constructor should read TAZAMA_AUTH_URL from config on instantiation","invocations":1,"location":null,"numPassingAsserts":2,"retryReasons":[],"status":"passed","title":"should read TAZAMA_AUTH_URL from config on instantiation"},{"ancestorTitles":["UserService","getUsersByRole","success path"],"duration":3,"failureDetails":[],"failureMessages":[],"fullName":"UserService getUsersByRole success path should return the users array from the API response","invocations":1,"location":null,"numPassingAsserts":2,"retryReasons":[],"status":"passed","title":"should return the users array from the API response"},{"ancestorTitles":["UserService","getUsersByRole","success path"],"duration":2,"failureDetails":[],"failureMessages":[],"fullName":"UserService getUsersByRole success path should build the correct request URL from config + params","invocations":1,"location":null,"numPassingAsserts":1,"retryReasons":[],"status":"passed","title":"should build the correct request URL from config + params"},{"ancestorTitles":["UserService","getUsersByRole","success path"],"duration":2,"failureDetails":[],"failureMessages":[],"fullName":"UserService getUsersByRole success path should pass Content-Type and Bearer token headers","invocations":1,"location":null,"numPassingAsserts":1,"retryReasons":[],"status":"passed","title":"should pass Content-Type and Bearer token headers"},{"ancestorTitles":["UserService","getUsersByRole","success path"],"duration":2,"failureDetails":[],"failureMessages":[],"fullName":"UserService getUsersByRole success path should log the role before making the request","invocations":1,"location":null,"numPassingAsserts":2,"retryReasons":[],"status":"passed","title":"should log the role before making the request"},{"ancestorTitles":["UserService","getUsersByRole","success path"],"duration":2,"failureDetails":[],"failureMessages":[],"fullName":"UserService getUsersByRole success path should return an empty array when the API returns no results","invocations":1,"location":null,"numPassingAsserts":1,"retryReasons":[],"status":"passed","title":"should return an empty array when the API returns no results"},{"ancestorTitles":["UserService","getUsersByRole","success path"],"duration":3,"failureDetails":[],"failureMessages":[],"fullName":"UserService getUsersByRole success path should reflect the correct auth base URL when config differs","invocations":1,"location":null,"numPassingAsserts":1,"retryReasons":[],"status":"passed","title":"should reflect the correct auth base URL when config differs"},{"ancestorTitles":["UserService","getUsersByRole","error handling"],"duration":24,"failureDetails":[],"failureMessages":[],"fullName":"UserService getUsersByRole error handling should propagate network-level errors thrown by axios","invocations":1,"location":null,"numPassingAsserts":1,"retryReasons":[],"status":"passed","title":"should propagate network-level errors thrown by axios"},{"ancestorTitles":["UserService","getUsersByRole","error handling"],"duration":3,"failureDetails":[],"failureMessages":[],"fullName":"UserService getUsersByRole error handling should propagate HTTP 4xx / 5xx error objects from axios","invocations":1,"location":null,"numPassingAsserts":1,"retryReasons":[],"status":"passed","title":"should propagate HTTP 4xx / 5xx error objects from axios"}],"endTime":1780316928853,"message":"","name":"C:\\Users\\IbadAhmedKhan\\Desktop\\case-management-system\\backend\\test\\user.service.spec.ts","startTime":1780316919434,"status":"passed","summary":""}],"wasInterrupted":false}
